SF:/Users/wolf/Coden/L0gg3r/L0gg3r.LogSinks.Console.Base/src/ConsoleLogSinkBase.cs
FN:42,TConsole L0gg3r.LogSinks.Console.Base.ConsoleLogSinkBase`1::get_Console()
FNDA:11,TConsole L0gg3r.LogSinks.Console.Base.ConsoleLogSinkBase`1::get_Console()
DA:43,11
FN:195,System.Threading.Tasks.ValueTask L0gg3r.LogSinks.Console.Base.ConsoleLogSinkBase`1::WriteAsync(L0gg3r.LogMessage& modreq(System.Runtime.InteropServices.InAttribute))
FNDA:1,System.Threading.Tasks.ValueTask L0gg3r.LogSinks.Console.Base.ConsoleLogSinkBase`1::WriteAsync(L0gg3r.LogMessage& modreq(System.Runtime.InteropServices.InAttribute))
DA:196,1
DA:197,1
DA:198,1
FN:26,System.Void L0gg3r.LogSinks.Console.Base.ConsoleLogSinkBase`1::.ctor(TConsole)
FNDA:6,System.Void L0gg3r.LogSinks.Console.Base.ConsoleLogSinkBase`1::.ctor(TConsole)
DA:27,6
DA:28,6
DA:29,6
DA:31,6
DA:33,6
DA:34,6
FN:65,System.Void L0gg3r.LogSinks.Console.Base.ConsoleLogSinkBase`1/<AskAsync>d__4`1::MoveNext()
FNDA:1,System.Void L0gg3r.LogSinks.Console.Base.ConsoleLogSinkBase`1/<AskAsync>d__4`1::MoveNext()
DA:66,1
DA:67,1
DA:69,1
DA:71,1
DA:73,1
DA:74,1
FN:93,System.Void L0gg3r.LogSinks.Console.Base.ConsoleLogSinkBase`1/<AskAsync>d__5`1::MoveNext()
FNDA:1,System.Void L0gg3r.LogSinks.Console.Base.ConsoleLogSinkBase`1/<AskAsync>d__5`1::MoveNext()
DA:94,1
DA:95,1
DA:97,1
DA:99,1
DA:101,1
DA:102,1
FN:125,System.Void L0gg3r.LogSinks.Console.Base.ConsoleLogSinkBase`1/<AskAsync>d__6`1::MoveNext()
FNDA:1,System.Void L0gg3r.LogSinks.Console.Base.ConsoleLogSinkBase`1/<AskAsync>d__6`1::MoveNext()
DA:126,1
DA:127,1
DA:129,1
DA:131,1
DA:133,1
DA:134,1
FN:151,System.Void L0gg3r.LogSinks.Console.Base.ConsoleLogSinkBase`1/<ConfirmAsync>d__7::MoveNext()
FNDA:1,System.Void L0gg3r.LogSinks.Console.Base.ConsoleLogSinkBase`1/<ConfirmAsync>d__7::MoveNext()
DA:152,1
DA:153,1
DA:155,1
DA:157,1
DA:159,1
DA:160,1
FN:178,System.Void L0gg3r.LogSinks.Console.Base.ConsoleLogSinkBase`1/<ConfirmAsync>d__8::MoveNext()
FNDA:1,System.Void L0gg3r.LogSinks.Console.Base.ConsoleLogSinkBase`1/<ConfirmAsync>d__8::MoveNext()
DA:179,1
DA:180,1
DA:182,1
DA:184,1
DA:186,1
DA:187,1
LF:40
LH:40
BRF:0
BRH:0
FNF:8
FNH:8
end_of_record